#
# An unexpected error has been detected by Java Runtime Environment:
#
#  Internal Error (434C41535326494C453041525345520E4350500AB6), pid=1176, tid=2116
#
# Java VM: Java HotSpot(TM) Client VM (1.6.0-b105 mixed mode)
# If you would like to submit a bug report, please visit:
#   http://java.sun.com/webapps/bugreport/crash.jsp
#

---------------  T H R E A D  ---------------

Current thread (0x00387400):  JavaThread "Unknown thread" [_thread_in_vm, id=2116]

Stack: [0x00390000,0x003e0000)
[error occurred during error reporting, step 110, id 0xc00000fd]

Native frames: (J=compiled Java code, j=interpreted, Vv=VM code, C=native code)
C  [javaw.exe+0xc07c]
C  [javaw.exe+0x7d35]
C  [kernel32.dll+0x4ed6c]
C  [ntdll.dll+0x6377b]
C  [ntdll.dll+0x6374e]


---------------  P R O C E S S  ---------------

Java Threads: ( => current thread )

Other Threads:

VM state:not at safepoint (not fully initilizated)

VM Mutex/Monitor currently owned by a thread: None

Heap
 def new generation   total 960K, used 0K [0x03a70000, 0x03b70000, 0x03f50000)
  eden space 896K,   0% used [0x03a70000, 0x03a70000, 0x03b50000)
  from space 64K,   0% used [0x03b50000, 0x03b50000, 0x03b60000)
  to   space 64K,   0% used [0x03b60000, 0x03b60000, 0x03b70000)
 tenured generation   total 4096K, used 0K [0x03f50000, 0x04350000, 0x07a70000)
   the space 4096K,   0% used [0x03f50000, 0x03f50000, 0x03f50200, 0x04350000)
 compacting perm gen  total 12288K, used 102K [0x07a70000, 0x08670000, 0x0ba70000)
   the space 12288K,   0% used [0x07a70000, 0x07a899b0, 0x07a89a00, 0x08670000)
No shared spaces configured.

Dynamic libraries:
0x00400000 - 0x00423000 	F:\Java\jre1.6.0\bin\javaw.exe
0x77500000 - 0x7763c000 	C:\Windows\SYSTEM32\ntdll.dll
0x768b0000 - 0x76984000 	C:\Windows\system32\kernel32.dll
0x75100000 - 0x7514a000 	C:\Windows\system32\KERNELBASE.dll
0x75170000 - 0x75210000 	C:\Windows\system32\ADVAPI32.dll
0x752b0000 - 0x7535c000 	C:\Windows\system32\msvcrt.dll
0x76bf0000 - 0x76c09000 	C:\Windows\SYSTEM32\sechost.dll
0x76c10000 - 0x76cb1000 	C:\Windows\system32\RPCRT4.dll
0x76cc0000 - 0x76d89000 	C:\Windows\system32\USER32.dll
0x76540000 - 0x7658e000 	C:\Windows\system32\GDI32.dll
0x769a0000 - 0x769aa000 	C:\Windows\system32\LPK.dll
0x75210000 - 0x752ad000 	C:\Windows\system32\USP10.dll
0x77640000 - 0x7765f000 	C:\Windows\system32\IMM32.DLL
0x755b0000 - 0x7567c000 	C:\Windows\system32\MSCTF.dll
0x7c340000 - 0x7c396000 	F:\Java\jre1.6.0\bin\msvcr71.dll
0x6d7c0000 - 0x6da07000 	F:\Java\jre1.6.0\bin\client\jvm.dll
0x73230000 - 0x73262000 	C:\Windows\system32\WINMM.dll
0x74d80000 - 0x74dcc000 	C:\Windows\system32\apphelp.dll
0x6d310000 - 0x6d318000 	F:\Java\jre1.6.0\bin\hpi.dll
0x75150000 - 0x75155000 	C:\Windows\system32\PSAPI.DLL
0x6d400000 - 0x6d429000 	F:\Java\jre1.6.0\bin\jdwp.dll
0x6d6c0000 - 0x6d6c6000 	F:\Java\jre1.6.0\bin\npt.dll
0x6d770000 - 0x6d77c000 	F:\Java\jre1.6.0\bin\verify.dll
0x6d3b0000 - 0x6d3cf000 	F:\Java\jre1.6.0\bin\java.dll
0x6d7b0000 - 0x6d7bf000 	F:\Java\jre1.6.0\bin\zip.dll

VM Arguments:
jvm_args: -agentlib:jdwp=transport=dt_socket,suspend=y,address=localhost:49343 -Dfile.encoding=Cp1252 -Xbootclasspath:F:\Pratian\android-sdk-windows\android-sdk-windows\platforms\android-16\android.jar
java_command: org.eclipse.jdt.internal.debug.ui.snippeteditor.ScrapbookMain file:/F:/MyAndroid/.metadata/.plugins/org.eclipse.core.resources/.projects/NumberPuzzle/org.eclipse.jdt.debug.ui/ file:/F:/MyAndroid/NumberPuzzle/bin/classes/ file:/F:/MyAndroid/NumberPuzzle/libs/android-support-v4.jar
Launcher Type: SUN_STANDARD

Environment Variables:
PATH=F:/Java/jre1.6.0/bin/client;F:/Java/jre1.6.0/bin;F:/Java/jre1.6.0/lib/i386;C:\Program Files\PC Connectivity Solution\;F:\Oracle-exe\app\oracle\product\10.2.0\server\bin;C:\Windows\system32;C:\Windows;C:\Windows\System32\Wbem;C:\Windows\System32\WindowsPowerShell\v1.0\;C:\Program Files\MySQL\MySQL Server 5.5\bin;F:\Java\jdk1.6.0\bin;F:\Pratian\android-sdk-windows\android-sdk-windows\platform-tools;;F:\pratian\eclipse-jee-indigo-SR2-win32\eclipse;
USERNAME=MANIsm
OS=Windows_NT
PROCESSOR_IDENTIFIER=x86 Family 6 Model 37 Stepping 2, GenuineIntel



---------------  S Y S T E M  ---------------

OS: Windows NT 6.1 Build 7601 Service Pack 1

CPU:total 4 family 6, cmov, cx8, fxsr, mmx, sse, sse2

Memory: 4k page, physical 2097151k(1089812k free), swap 4194303k(2723240k free)

vm_info: Java HotSpot(TM) Client VM (1.6.0-b105) for windows-x86, built on Nov 29 2006 00:48:48 by "java_re" with unknown MS VC++:1310

